0 verbose cli C:\Program Files\nodejs\node.exe C:\Program Files\nodejs\node_modules\npm\bin\npm-cli.js
1 info using npm@10.2.4
2 info using node@v20.11.0
3 timing npm:load:whichnode Completed in 1ms
4 timing config:load:defaults Completed in 3ms
5 timing config:load:file:C:\Program Files\nodejs\node_modules\npm\npmrc Completed in 4ms
6 timing config:load:builtin Completed in 4ms
7 timing config:load:cli Completed in 3ms
8 timing config:load:env Completed in 1ms
9 timing config:load:file:C:\Users\user\Desktop\programming-ukm\.npmrc Completed in 0ms
10 timing config:load:project Completed in 2ms
11 timing config:load:file:C:\Users\user\.npmrc Completed in 0ms
12 timing config:load:user Completed in 1ms
13 timing config:load:file:C:\Users\user\Desktop\programming-ukm\ukm-w4\UsersuserAppDataRoamingnpm\etc\npmrc Completed in 0ms
14 timing config:load:global Completed in 0ms
15 timing config:load:setEnvs Completed in 1ms
16 timing config:load Completed in 15ms
17 timing npm:load:configload Completed in 15ms
18 timing config:load:flatten Completed in 1ms
19 timing npm:load:mkdirpcache Completed in 1ms
20 timing npm:load:mkdirplogs Completed in 0ms
21 verbose title npm install gh-pages
22 verbose argv "install" "gh-pages" "--save-dev"
23 timing npm:load:setTitle Completed in 1ms
24 timing npm:load:display Completed in 0ms
25 verbose logfile logs-max:10 dir:C:\Users\user\Desktop\programming-ukm\ukm-w4\UsersuserAppDataRoamingnpm-cache\_logs\2024-02-07T15_13_43_600Z-
26 verbose logfile C:\Users\user\Desktop\programming-ukm\ukm-w4\UsersuserAppDataRoamingnpm-cache\_logs\2024-02-07T15_13_43_600Z-debug-0.log
27 timing npm:load:logFile Completed in 15ms
28 timing npm:load:timers Completed in 0ms
29 timing npm:load:configScope Completed in 0ms
30 timing npm:load Completed in 68ms
31 timing arborist:ctor Completed in 0ms
32 silly logfile done cleaning log files
33 timing idealTree:init Completed in 37ms
34 timing idealTree:userRequests Completed in 1ms
35 silly idealTree buildDeps
36 silly fetch manifest gh-pages@^6.1.1
37 timing arborist:ctor Completed in 1ms
38 http fetch GET 200 https://registry.npmjs.org/gh-pages 294ms (cache miss)
39 silly placeDep ROOT gh-pages@6.1.1 REPLACE for:  want: ^6.1.1
40 timing idealTree:#root Completed in 303ms
41 timing idealTree:node_modules/gh-pages Completed in 0ms
42 timing idealTree:buildDeps Completed in 304ms
43 timing idealTree:fixDepFlags Completed in 1ms
44 timing idealTree Completed in 344ms
45 timing reify:loadTrees Completed in 346ms
46 timing reify:diffTrees Completed in 3ms
47 silly reify moves {}
48 timing reify:retireShallow Completed in 1ms
49 timing reify:createSparse Completed in 0ms
50 timing reify:loadBundles Completed in 0ms
51 silly audit bulk request {
51 silly audit   '@popperjs/core': [ '2.11.8' ],
51 silly audit   '@remix-run/router': [ '1.15.0' ],
51 silly audit   'array-union': [ '1.0.2' ],
51 silly audit   'array-uniq': [ '1.0.3' ],
51 silly audit   async: [ '3.2.5' ],
51 silly audit   asynckit: [ '0.4.0' ],
51 silly audit   axios: [ '1.6.7' ],
51 silly audit   'balanced-match': [ '1.0.2' ],
51 silly audit   boostrap: [ '2.0.0' ],
51 silly audit   bootstrap: [ '5.3.2' ],
51 silly audit   'brace-expansion': [ '1.1.11' ],
51 silly audit   'combined-stream': [ '1.0.8' ],
51 silly audit   commander: [ '11.1.0' ],
51 silly audit   commondir: [ '1.0.1' ],
51 silly audit   'concat-map': [ '0.0.1' ],
51 silly audit   'delayed-stream': [ '1.0.0' ],
51 silly audit   'email-addresses': [ '5.0.0' ],
51 silly audit   'escape-string-regexp': [ '1.0.5' ],
51 silly audit   'filename-reserved-regex': [ '2.0.0' ],
51 silly audit   filenamify: [ '4.3.0' ],
51 silly audit   'find-cache-dir': [ '3.3.2' ],
51 silly audit   'find-up': [ '4.1.0' ],
51 silly audit   'follow-redirects': [ '1.15.5' ],
51 silly audit   'form-data': [ '4.0.0' ],
51 silly audit   'fs-extra': [ '11.2.0' ],
51 silly audit   'fs.realpath': [ '1.0.0' ],
51 silly audit   glob: [ '7.2.3' ],
51 silly audit   globby: [ '6.1.0' ],
51 silly audit   'graceful-fs': [ '4.2.11' ],
51 silly audit   inflight: [ '1.0.6' ],
51 silly audit   inherits: [ '2.0.4' ],
51 silly audit   'js-tokens': [ '4.0.0' ],
51 silly audit   jsonfile: [ '6.1.0' ],
51 silly audit   'locate-path': [ '5.0.0' ],
51 silly audit   'loose-envify': [ '1.4.0' ],
51 silly audit   'make-dir': [ '3.1.0' ],
51 silly audit   'mime-db': [ '1.52.0' ],
51 silly audit   'mime-types': [ '2.1.35' ],
51 silly audit   minimatch: [ '3.1.2' ],
51 silly audit   'object-assign': [ '4.1.1' ],
51 silly audit   once: [ '1.4.0' ],
51 silly audit   'p-limit': [ '2.3.0' ],
51 silly audit   'p-locate': [ '4.1.0' ],
51 silly audit   'p-try': [ '2.2.0' ],
51 silly audit   'path-exists': [ '4.0.0' ],
51 silly audit   'path-is-absolute': [ '1.0.1' ],
51 silly audit   pify: [ '2.3.0' ],
51 silly audit   pinkie: [ '2.0.4' ],
51 silly audit   'pinkie-promise': [ '2.0.1' ],
51 silly audit   'pkg-dir': [ '4.2.0' ],
51 silly audit   'proxy-from-env': [ '1.1.0' ],
51 silly audit   react: [ '18.2.0' ],
51 silly audit   'react-dom': [ '18.2.0' ],
51 silly audit   'react-router': [ '6.22.0' ],
51 silly audit   'react-router-dom': [ '6.22.0' ],
51 silly audit   scheduler: [ '0.23.0' ],
51 silly audit   semver: [ '6.3.1' ],
51 silly audit   'strip-outer': [ '1.0.1' ],
51 silly audit   'trim-repeated': [ '1.0.0' ],
51 silly audit   universalify: [ '2.0.1' ],
51 silly audit   wrappy: [ '1.0.2' ],
51 silly audit   'gh-pages': [ '6.1.1' ]
51 silly audit }
52 timing reify:unpack Completed in 0ms
53 timing reify:unretire Completed in 0ms
54 timing build:queue Completed in 0ms
55 timing build:deps Completed in 1ms
56 timing build Completed in 1ms
57 timing reify:build Completed in 1ms
58 timing reify:trash Completed in 0ms
59 timing reify:save Completed in 20ms
60 http fetch GET 200 https://registry.npmjs.org/npm 596ms (cache miss)
61 http fetch POST 200 https://registry.npmjs.org/-/npm/v1/security/advisories/bulk 262ms
62 timing auditReport:getReport Completed in 264ms
63 silly audit report {}
64 timing auditReport:init Completed in 0ms
65 timing reify:audit Completed in 266ms
66 timing reify Completed in 671ms
67 timing command:install Completed in 683ms
68 notice
68 notice New [33mminor[39m version of npm available! [31m10.2.4[39m -> [32m10.4.0[39m
68 notice Changelog: [36mhttps://github.com/npm/cli/releases/tag/v10.4.0[39m
68 notice Run [32mnpm install -g npm@10.4.0[39m to update!
68 notice
69 verbose exit 0
70 timing npm Completed in 1027ms
71 info ok
