0 verbose cli C:\Program Files\nodejs\node.exe C:\Program Files\nodejs\node_modules\npm\bin\npm-cli.js
1 info using npm@10.2.4
2 info using node@v20.11.0
3 timing npm:load:whichnode Completed in 2ms
4 timing config:load:defaults Completed in 3ms
5 timing config:load:file:C:\Program Files\nodejs\node_modules\npm\npmrc Completed in 4ms
6 timing config:load:builtin Completed in 4ms
7 timing config:load:cli Completed in 1ms
8 timing config:load:env Completed in 0ms
9 timing config:load:file:C:\Users\user\Desktop\programming-ukm\.npmrc Completed in 0ms
10 timing config:load:project Completed in 3ms
11 timing config:load:file:C:\Users\user\.npmrc Completed in 1ms
12 timing config:load:user Completed in 2ms
13 timing config:load:file:C:\Users\user\Desktop\programming-ukm\ukm-w4\UsersuserAppDataRoamingnpm\etc\npmrc Completed in 0ms
14 timing config:load:global Completed in 0ms
15 timing config:load:setEnvs Completed in 1ms
16 timing config:load Completed in 15ms
17 timing npm:load:configload Completed in 15ms
18 timing config:load:flatten Completed in 2ms
19 timing npm:load:mkdirpcache Completed in 0ms
20 timing npm:load:mkdirplogs Completed in 1ms
21 verbose title npm star
22 verbose argv "star"
23 timing npm:load:setTitle Completed in 1ms
24 timing npm:load:display Completed in 1ms
25 verbose logfile logs-max:10 dir:C:\Users\user\Desktop\programming-ukm\ukm-w4\UsersuserAppDataRoamingnpm-cache\_logs\2024-02-07T15_12_45_596Z-
26 verbose logfile C:\Users\user\Desktop\programming-ukm\ukm-w4\UsersuserAppDataRoamingnpm-cache\_logs\2024-02-07T15_12_45_596Z-debug-0.log
27 timing npm:load:logFile Completed in 14ms
28 timing npm:load:timers Completed in 1ms
29 timing npm:load:configScope Completed in 0ms
30 timing npm:load Completed in 68ms
31 timing command:star Completed in 0ms
32 verbose stack Error: 
32 verbose stack Mark your favorite packages
32 verbose stack
32 verbose stack Usage:
32 verbose stack npm star [<package-spec>...]
32 verbose stack
32 verbose stack Options:
32 verbose stack [--registry <registry>] [--no-unicode] [--otp <otp>]
32 verbose stack
32 verbose stack Run "npm help star" for more info
32 verbose stack     at Star.usageError (C:\Program Files\nodejs\node_modules\npm\lib\base-command.js:113:26)
32 verbose stack     at Star.exec (C:\Program Files\nodejs\node_modules\npm\lib\commands\star.js:21:18)
32 verbose stack     at Star.cmdExec (C:\Program Files\nodejs\node_modules\npm\lib\base-command.js:142:17)
32 verbose stack     at Npm.exec (C:\Program Files\nodejs\node_modules\npm\lib\npm.js:136:20)
32 verbose stack     at module.exports (C:\Program Files\nodejs\node_modules\npm\lib\cli-entry.js:61:15)
33 verbose cwd C:\Users\user\Desktop\programming-ukm\ukm-w4
34 verbose Windows_NT 10.0.22621
35 verbose node v20.11.0
36 verbose npm  v10.2.4
37 error code EUSAGE
38 error
38 error Mark your favorite packages
38 error
38 error Usage:
38 error npm star [<package-spec>...]
38 error
38 error Options:
38 error [--registry <registry>] [--no-unicode] [--otp <otp>]
38 error
38 error Run "npm help star" for more info
39 verbose exit 1
40 timing npm Completed in 137ms
41 verbose code 1
42 error A complete log of this run can be found in: C:\Users\user\Desktop\programming-ukm\ukm-w4\UsersuserAppDataRoamingnpm-cache\_logs\2024-02-07T15_12_45_596Z-debug-0.log
